<?xml version="1.0" encoding="UTF-8"?>
<!-- Generated by org.testng.reporters.JUnitXMLReporter -->
<testsuite hostname="LSIN775352" ignored="0" name="ValidateTitle" tests="1" failures="1" timestamp="2020-07-10T15:23:54 IST" time="37.869" errors="0">
  <testcase name="ValidateTitle" time="0.264" classname="Academy.ValidateTitle">
    <failure type="java.lang.AssertionError" message="expected [FEATURED COURSES] but found [FEATURED1111 COURSES]">
      <![CDATA[java.lang.AssertionError: expected [FEATURED COURSES] but found [FEATURED1111 COURSES]
at Academy.ValidateTitle.ValidateTitle(ValidateTitle.java:33)
at java.util.ArrayList.forEach(ArrayList.java:1257)
at java.util.concurrent.FutureTask.run(FutureTask.java:266)
at java.util.concurrent.ThreadPoolExecutor.runWorker(ThreadPoolExecutor.java:1149)
at java.util.concurrent.ThreadPoolExecutor$Worker.run(ThreadPoolExecutor.java:624)
at java.lang.Thread.run(Thread.java:748)
... Removed 23 stack frames]]>
    </failure>
  </testcase> <!-- ValidateTitle -->
</testsuite> <!-- ValidateTitle -->
